Kas 04, 2022 7:50:45 ÖS com.bilgeadam.course04.submissions.marathons.marathon03.group03.util.CommonData getLogger
INFO: Logger created
Kas 04, 2022 7:50:45 ÖS com.bilgeadam.course04.submissions.marathons.marathon03.group03.util.CommonData info
INFO: 	---> The Bank of Group03
Kas 04, 2022 7:50:48 ÖS com.bilgeadam.course04.submissions.marathons.marathon03.group03.util.CommonData info
INFO: 	---> Account is added as an entity
Kas 04, 2022 7:50:48 ÖS com.bilgeadam.course04.submissions.marathons.marathon03.group03.util.CommonData info
INFO: 	---> AccountTypes is added as an entity
Kas 04, 2022 7:50:48 ÖS com.bilgeadam.course04.submissions.marathons.marathon03.group03.util.CommonData info
INFO: 	---> Branch is added as an entity
Kas 04, 2022 7:50:48 ÖS com.bilgeadam.course04.submissions.marathons.marathon03.group03.util.CommonData info
INFO: 	---> Customer is added as an entity
Kas 04, 2022 7:50:48 ÖS com.bilgeadam.course04.submissions.marathons.marathon03.group03.util.CommonData info
INFO: 	---> Transaction is added as an entity
Kas 04, 2022 7:50:48 ÖS com.bilgeadam.course04.submissions.marathons.marathon03.group03.util.CommonData info
INFO: 	---> TransactionCode is added as an entity
Kas 04, 2022 7:50:48 ÖS com.bilgeadam.course04.submissions.marathons.marathon03.group03.util.CommonData info
INFO: 	---> TransactionPlatform is added as an entity
Kas 04, 2022 7:50:48 ÖS com.bilgeadam.course04.submissions.marathons.marathon03.group03.util.CommonData info
INFO: 	---> TransactionType is added as an entity
